0 info it worked if it ends with ok
1 verbose cli [ '/usr/bin/node', '/usr/bin/npm', 'version', 'patch' ]
2 info using npm@2.15.1
3 info using node@v0.12.17
4 verbose node symlink /usr/bin/node
5 info git [ 'status', '--porcelain' ]
6 verbose stack Error: Git working directory not clean.
6 verbose stack M package.json
6 verbose stack     at /usr/lib/node_modules/npm/lib/version.js:171:21
6 verbose stack     at ChildProcess.exithandler (child_process.js:745:7)
6 verbose stack     at ChildProcess.emit (events.js:110:17)
6 verbose stack     at maybeClose (child_process.js:1019:16)
6 verbose stack     at Socket.<anonymous> (child_process.js:1190:11)
6 verbose stack     at Socket.emit (events.js:107:17)
6 verbose stack     at Pipe.close (net.js:484:11)
7 verbose cwd /home/debian/tmp/nodejs/sample-npm-package
8 error Linux 4.4.38-ti-r74
9 error argv "/usr/bin/node" "/usr/bin/npm" "version" "patch"
10 error node v0.12.17
11 error npm  v2.15.1
12 error Git working directory not clean.
12 error M package.json
13 error If you need help, you may report this error at:
13 error     <https://github.com/npm/npm/issues>
14 verbose exit [ 1, true ]
